<?xml version="1.0" encoding="UTF-8"?><testsuite failures="0" name="cucumber.runtime.formatter.JUnitFormatter" skipped="0" tests="2" time="50.822211">
<testcase classname="login action" name="User has to successfully login to application" time="10.303798">
<system-out><![CDATA[Given User is at the login page.............................................passed
When title of login page is Sign in to GitHub...............................passed
Then User enters username and password......................................passed
Then User clicks on Login button............................................passed
Then User is on the home....................................................passed
]]></system-out>
</testcase>
<testcase classname="login action" name="User has to successfully search for product on Amazon" time="40.518413">
<system-out><![CDATA[Given User is at the Amazon landing page....................................passed
When title of login page is Amazon.com: Online Shopping for Electronics, Apparel, Computers, Books, DVDs & more.passed
Then User enters search value Samsung.......................................passed
Then User clicks on search button...........................................passed
Then First result is four hundred dollars...................................passed
]]></system-out>
</testcase>
</testsuite>
